{
  "RSpec": {
    "coverage": {
      "/home/technicholy/tic-tac-toe-rb-bootcamp-prep-000/lib/tic_tac_toe.rb": [
        null,
        1,
        null,
        null,
        null,
        null,
        null,
        null,
        null,
        null,
        null,
        1,
        14,
        14,
        14,
        14,
        14,
        null,
        1,
        13,
        null,
        null,
        1,
        12,
        null,
        1,
        15,
        null,
        1,
        13,
        null,
        1,
        11,
        null,
        1,
        10,
        null,
        1,
        22,
        143,
        143,
        null,
        12,
        null,
        1,
        16,
        null,
        1,
        11,
        null,
        1,
        11,
        null,
        1,
        3,
        null,
        1,
        10,
        10,
        10,
        10,
        9,
        9,
        null,
        1,
        null,
        null
      ]
    },
    "timestamp": 1598313430
  }
}
